app/proguard-rules.pro
# Add project specific ProGuard rules here.
# By default, the flags in this file are appended to flags specified
# in F:\Android\sdk/tools/proguard/proguard-android.txt
# You can edit the include path and order by changing the proguardFiles
# directive in build.gradle.
#
# For more details, see
#   http://developer.android.com/guide/developing/tools/proguard.html

# Add any project specific keep options here:

# If your project uses WebView with JS, uncomment the following
# and specify the fully qualified class name to the JavaScript interface
# class:
#-keepclassmembers class fqcn.of.javascript.interface.for.webview {
#   public *;
#}
# 代码混淆压缩比，在0~7之间，默认为5,一般不下需要修改
-optimizationpasses 5

# 混淆时不使用大小写混合，混淆后的类名为小写
# windows下的同学还是加入这个选项吧(windows大小写不敏感)
-dontusemixedcaseclassnames

# 指定不去忽略非公共的库的类
# 默认跳过，有些情况下编写的代码与类库中的类在同一个包下，并且持有包中内容的引用，此时就需要加入此条声明
-dontskipnonpubliclibraryclasses

# 指定不去忽略非公共的库的类的成员
-dontskipnonpubliclibraryclassmembers

# 不做预检验，preverify是proguard的四个步骤之一
# Android不需要preverify，去掉这一步可以加快混淆速度
-dontpreverify

# 有了verbose这句话，混淆后就会生成映射文件
# 包含有类名->混淆后类名的映射关系
# 然后使用printmapping指定映射文件的名称
-verbose
-printmapping priguardMapping.txt

# 指定混淆时采用的算法，后面的参数是一个过滤器
# 这个过滤器是谷歌推荐的算法，一般不改变
-optimizations !code/simplification/artithmetic,!field/*,!class/merging/*

# 保护代码中的Annotation不被混淆
# 这在JSON实体映射时非常重要，比如fastJson
-keepattributes *Annotation*

# 避免混淆泛型
# 这在JSON实体映射时非常重要，比如fastJson
-keepattributes Signature

# 抛出异常时保留代码行号
-keepattributes SourceFile,LineNumberTable

-ignorewarnings

# 保留所有的本地native方法不被混淆
-keepclasseswithmembernames class * {
    native <methods>;
}

# 保留了继承自Activity、Application这些类的子类
# 因为这些子类有可能被外部调用
# 比如第一行就保证了所有Activity的子类不要被混淆
-keep public class * extends android.app.Activity
-keep public class * extends android.app.Application
-keep public class * extends android.app.Service
-keep public class * extends android.content.BroadcastReceiver
-keep public class * extends android.content.ContentProvider
-keep public class * extends android.app.backup.BackupAgentHelper
-keep public class * extends android.preference.Preference
#-keep public class * extends android.view.View
-keep public class com.android.vending.licensing.ILicensingService

# 如果有引用android-support-v4.jar包，可以添加下面这行
-keep public class com.null.test.ui.fragment.** {*;}

# 保留Activity中的方法参数是view的方法，
# 从而我们在layout里面编写onClick就不会影响
-keepclassmembers class * extends android.app.Activity {
    public void * (android.view.View);
}

# 枚举类不能被混淆
-keepclassmembers enum * {
    public static **[] values();
    public static ** valueOf(java.lang.String);
}