app/build/outputs/mapping/release/seeds.txt
com.qiandu.live.LiveApp
com.qiandu.live.LiveApp: LiveApp()
com.qiandu.live.R$anim: int abc_fade_in
com.qiandu.live.R$anim: int abc_fade_out
com.qiandu.live.R$anim: int abc_grow_fade_in_from_bottom
com.qiandu.live.R$anim: int abc_popup_enter
com.qiandu.live.R$anim: int abc_popup_exit
com.qiandu.live.R$anim: int abc_shrink_fade_out_from_bottom
com.qiandu.live.R$anim: int abc_slide_in_bottom
com.qiandu.live.R$anim: int abc_slide_in_top
com.qiandu.live.R$anim: int abc_slide_out_bottom
com.qiandu.live.R$anim: int abc_slide_out_top
com.qiandu.live.R$anim: int anim_slice_in_left
com.qiandu.live.R$anim: int anim_slice_in_right
com.qiandu.live.R$anim: int anim_slice_out_left
com.qiandu.live.R$anim: int anim_slice_out_right
com.qiandu.live.R$anim: int design_bottom_sheet_slide_in
com.qiandu.live.R$anim: int design_bottom_sheet_slide_out
com.qiandu.live.R$anim: int design_fab_in
com.qiandu.live.R$anim: int design_fab_out
com.qiandu.live.R$anim: int design_snackbar_in
com.qiandu.live.R$anim: int design_snackbar_out
com.qiandu.live.R$anim: int live_gift_icon_in
com.qiandu.live.R$anim: int live_gift_in
com.qiandu.live.R$anim: int live_gift_market
com.qiandu.live.R$anim: int live_gift_num
com.qiandu.live.R$anim: int live_gift_out
com.qiandu.live.R$anim: int live_gift_view_in
com.qiandu.live.R$anim: int live_gift_view_out
com.qiandu.live.R$animator: int design_appbar_state_list_animator
com.qiandu.live.R$attr: int PagerIndicatorStyle
com.qiandu.live.R$attr: int SliderStyle
com.qiandu.live.R$attr: int actionBarDivider
com.qiandu.live.R$attr: int actionBarItemBackground
com.qiandu.live.R$attr: int actionBarPopupTheme
com.qiandu.live.R$attr: int actionBarSize
com.qiandu.live.R$attr: int actionBarSplitStyle
com.qiandu.live.R$attr: int actionBarStyle
com.qiandu.live.R$attr: int actionBarTabBarStyle
com.qiandu.live.R$attr: int actionBarTabStyle
com.qiandu.live.R$attr: int actionBarTabTextStyle
com.qiandu.live.R$attr: int actionBarTheme
com.qiandu.live.R$attr: int actionBarWidgetTheme
com.qiandu.live.R$attr: int actionButtonStyle
com.qiandu.live.R$attr: int actionDropDownStyle
com.qiandu.live.R$attr: int actionLayout
com.qiandu.live.R$attr: int actionMenuTextAppearance
com.qiandu.live.R$attr: int actionMenuTextColor
com.qiandu.live.R$attr: int actionModeBackground
com.qiandu.live.R$attr: int actionModeCloseButtonStyle
com.qiandu.live.R$attr: int actionModeCloseDrawable
com.qiandu.live.R$attr: int actionModeCopyDrawable
com.qiandu.live.R$attr: int actionModeCutDrawable
com.qiandu.live.R$attr: int actionModeFindDrawable
com.qiandu.live.R$attr: int actionModePasteDrawable
com.qiandu.live.R$attr: int actionModePopupWindowStyle
com.qiandu.live.R$attr: int actionModeSelectAllDrawable
com.qiandu.live.R$attr: int actionModeShareDrawable
com.qiandu.live.R$attr: int actionModeSplitBackground
com.qiandu.live.R$attr: int actionModeStyle
com.qiandu.live.R$bool: int abc_action_bar_embed_tabs
com.qiandu.live.R$bool: int abc_allow_stacked_button_bar
com.qiandu.live.R$bool: int abc_config_actionMenuItemAllCaps
com.qiandu.live.R$bool: int abc_config_closeDialogWhenTouchOutside
com.qiandu.live.R$bool: int abc_config_showMenuShortcutsWhenKeyboardPresent
...
android.support.design.widget.CheckableImageButton
android.support.design.widget.CheckableImageButton: CheckableImageButton(android.content.Context)
android.support.design.widget.CheckableImageButton: CheckableImageButton(android.content.Context,android.util.AttributeSet)
android.support.design.widget.CheckableImageButton: CheckableImageButton(android.content.Context,android.util.AttributeSet,int)
android.support.design.widget.CheckableImageButton: void setChecked(boolean)
android.support.design.widget.CollapsingToolbarLayout: void setTitle(java.lang.CharSequence)
android.support.design.widget.CollapsingToolbarLayout: java.lang.CharSequence getTitle()
android.support.design.widget.CollapsingToolbarLayout: void setTitleEnabled(boolean)
android.support.design.widget.CollapsingToolbarLayout: void setScrimsShown(boolean)
android.support.design.widget.CollapsingToolbarLayout: void setScrimAlpha(int)
android.support.design.widget.CollapsingToolbarLayout: int getScrimAlpha()
android.support.design.widget.CollapsingToolbarLayout: void setContentScrim(android.graphics.drawable.Drawable)
android.support.design.widget.CollapsingToolbarLayout: void setContentScrimColor(int)
android.support.design.widget.CollapsingToolbarLayout: void setContentScrimResource(int)
android.support.design.widget.CollapsingToolbarLayout: android.graphics.drawable.Drawable getContentScrim()
android.support.design.widget.CollapsingToolbarLayout: void setStatusBarScrim(android.graphics.drawable.Drawable)
android.support.design.widget.CollapsingToolbarLayout: void setVisibility(int)
android.support.design.widget.CollapsingToolbarLayout: void setStatusBarScrimColor(int)
android.support.design.widget.CollapsingToolbarLayout: void setStatusBarScrimResource(int)
android.support.design.widget.CollapsingToolbarLayout: android.graphics.drawable.Drawable getStatusBarScrim()
android.support.design.widget.CollapsingToolbarLayout: void setCollapsedTitleTextAppearance(int)
android.support.design.widget.CoordinatorLayout
android.support.design.widget.CoordinatorLayout: CoordinatorLayout(android.content.Context)
android.support.design.widget.CoordinatorLayout: CoordinatorLayout(android.content.Context,android.util.AttributeSet)
android.support.design.widget.CoordinatorLayout: CoordinatorLayout(android.content.Context,android.util.AttributeSet,int)
android.support.design.widget.CoordinatorLayout: void setOnHierarchyChangeListener(android.view.ViewGroup$OnHierarchyChangeListener)
android.support.design.widget.CoordinatorLayout: void setStatusBarBackground(android.graphics.drawable.Drawable)
android.support.design.widget.CoordinatorLayout: android.graphics.drawable.Drawable getStatusBarBackground()
android.support.design.widget.CoordinatorLayout: void setVisibility(int)
android.support.design.widget.CoordinatorLayout: void setStatusBarBackgroundResource(int)
android.support.design.widget.CoordinatorLayout: void setStatusBarBackgroundColor(int)
android.support.design.widget.CoordinatorLayout: android.support.v4.view.WindowInsetsCompat getLastWindowInsets()
android.support.design.widget.CoordinatorLayout: int getSuggestedMinimumWidth()
android.support.design.widget.CoordinatorLayout: int getSuggestedMinimumHeight()
android.support.design.widget.CoordinatorLayout: void setFitsSystemWindows(boolean)
android.support.design.widget.CoordinatorLayout: java.util.List getDependencySortedChildren()
android.support.design.widget.CoordinatorLayout$Behavior: CoordinatorLayout$Behavior()
android.support.design.widget.CoordinatorLayout$Behavior: CoordinatorLayout$Behavior(android.content.Context,android.util.AttributeSet)
android.support.design.widget.CoordinatorLayout$SavedState
android.support.design.widget.CoordinatorLayout$SavedState: android.os.Parcelable$Creator CREATOR