app/build/outputs/mapping/release/mapping.txt
com.qiandu.live.LiveApp -> com.qiandu.live.LiveApp:
    com.qiandu.live.LiveApp instance -> a
    16:16:void <init>() -> <init>
    26:34:void onCreate() -> onCreate
    37:37:com.qiandu.live.LiveApp getApplication() -> a
    50:59:void initSDK() -> b
com.qiandu.live.R -> com.qiandu.live.a:
com.qiandu.live.R$styleable -> com.qiandu.live.a$a:
    int[] ActionBar -> ActionBar
    int ActionBar_background -> ActionBar_background
    int ActionBar_backgroundSplit -> ActionBar_backgroundSplit
    int ActionBar_backgroundStacked -> ActionBar_backgroundStacked
    int ActionBar_contentInsetEnd -> ActionBar_contentInsetEnd
    int ActionBar_contentInsetEndWithActions -> ActionBar_contentInsetEndWithActions
    int ActionBar_contentInsetLeft -> ActionBar_contentInsetLeft
    int ActionBar_contentInsetRight -> ActionBar_contentInsetRight
    int ActionBar_contentInsetStart -> ActionBar_contentInsetStart
    int ActionBar_contentInsetStartWithNavigation -> ActionBar_contentInsetStartWithNavigation
    int ActionBar_customNavigationLayout -> ActionBar_customNavigationLayout
    int ActionBar_displayOptions -> ActionBar_displayOptions
    int ActionBar_divider -> ActionBar_divider
    int ActionBar_elevation -> ActionBar_elevation
    int ActionBar_height -> ActionBar_height
    int ActionBar_hideOnContentScroll -> ActionBar_hideOnContentScroll
    int ActionBar_homeAsUpIndicator -> ActionBar_homeAsUpIndicator
    int ActionBar_homeLayout -> ActionBar_homeLayout
    int ActionBar_icon -> ActionBar_icon
    int ActionBar_indeterminateProgressStyle -> ActionBar_indeterminateProgressStyle
    int ActionBar_itemPadding -> ActionBar_itemPadding
    int ActionBar_logo -> ActionBar_logo
    int ActionBar_navigationMode -> ActionBar_navigationMode
com.qiandu.live.activity.BaseActivity -> com.qiandu.live.activity.BaseActivity:
    android.content.Context mContext -> n
    android.os.Handler mHandler -> o
    19:21:void <init>() -> <init>
    28:42:void onCreate(android.os.Bundle) -> onCreate
    44:44:void setBeforeLayout() -> g
    int getLayoutId() -> h
    void initView() -> i
    void initData() -> j
    void setListener() -> k
    67:68:void onResume() -> onResume
    72:72:android.view.View obtainView(int) -> c
    81:82:void showToast(int) -> d
    92:103:void showToast(java.lang.String) -> a
    107:108:void onPause() -> onPause
    112:113:void onDestroy() -> onDestroy
com.qiandu.live.activity.BaseActivity$1 -> com.qiandu.live.activity.BaseActivity$1:
    java.lang.String val$resStr -> a
    com.qiandu.live.activity.BaseActivity this$0 -> b
    95:95:void <init>(com.qiandu.live.activity.BaseActivity,java.lang.String) -> <init>
    98:101:void run() -> run
...
com.google.gson.internal.bind.JsonTreeReader$1 -> com.google.a.b.a.e$1:
    40:40:void <init>() -> <init>
    42:42:int read(char[],int,int) -> read
    45:45:void close() -> close
com.google.gson.internal.bind.JsonTreeWriter -> com.google.a.b.a.f:
    java.io.Writer UNWRITABLE_WRITER -> a
    com.google.gson.JsonPrimitive SENTINEL_CLOSED -> b
    java.util.List stack -> c
    java.lang.String pendingName -> d
    com.google.gson.JsonElement product -> e
    49:59:void <init>() -> <init>
    65:68:com.google.gson.JsonElement get() -> a
    72:72:com.google.gson.JsonElement peek() -> i
    76:92:void put(com.google.gson.JsonElement) -> a
    95:98:com.google.gson.stream.JsonWriter beginArray() -> b
    102:110:com.google.gson.stream.JsonWriter endArray() -> c
    114:117:com.google.gson.stream.JsonWriter beginObject() -> d
    121:129:com.google.gson.stream.JsonWriter endObject() -> e
    133:141:com.google.gson.stream.JsonWriter name(java.lang.String) -> a
    145:149:com.google.gson.stream.JsonWriter value(java.lang.String) -> b
    153:154:com.google.gson.stream.JsonWriter nullValue() -> f
    158:159:com.google.gson.stream.JsonWriter value(boolean) -> a
    171:172:com.google.gson.stream.JsonWriter value(long) -> a
    176:188:com.google.gson.stream.JsonWriter value(java.lang.Number) -> a
    192:192:void flush() -> flush
    195:199:void close() -> close
    34:46:void <clinit>() -> <clinit>
com.google.gson.internal.bind.JsonTreeWriter$1 -> com.google.a.b.a.f$1:
    34:34:void <init>() -> <init>
    36:36:void write(char[],int,int) -> write
    39:39:void flush() -> flush
    42:42:void close() -> close
com.google.gson.internal.bind.MapTypeAdapterFactory -> com.google.a.b.a.g:
    com.google.gson.internal.ConstructorConstructor constructorConstructor -> a
    boolean complexMapKeySerialization -> b
    110:113:void <init>(com.google.gson.internal.ConstructorConstructor,boolean) -> <init>
    116:133:com.google.gson.TypeAdapter create(com.google.gson.Gson,com.google.gson.reflect.TypeToken) -> a
    140:140:com.google.gson.TypeAdapter getKeyAdapter(com.google.gson.Gson,java.lang.reflect.Type) -> a
    105:105:boolean access$000(com.google.gson.internal.bind.MapTypeAdapterFactory) -> a
com.google.gson.internal.bind.MapTypeAdapterFactory$Adapter -> com.google.a.b.a.g$a:
    com.google.gson.TypeAdapter keyTypeAdapter -> b
    com.google.gson.TypeAdapter valueTypeAdapter -> c
    com.google.gson.internal.ObjectConstructor constructor -> d
    com.google.gson.internal.bind.MapTypeAdapterFactory this$0 -> a
    152:158:void <init>(com.google.gson.internal.bind.MapTypeAdapterFactory,com.google.gson.Gson,java.lang.reflect.Type,com.google.gson.TypeAdapter,java.lang.reflect.Type,com.google.gson.TypeAdapter,com.google.gson.internal.ObjectConstructor) -> <init>
    161:195:java.util.Map read(com.google.gson.stream.JsonReader) -> a
    199:243:void write(com.google.gson.stream.JsonWriter,java.util.Map) -> a
    246:260:java.lang.String keyToString(com.google.gson.JsonElement) -> a
    145:145:java.lang.Object read(com.google.gson.stream.JsonReader) -> b
    145:145:void write(com.google.gson.stream.JsonWriter,java.lang.Object) -> a
com.google.gson.internal.bind.ObjectTypeAdapter -> com.google.a.b.a.h:
    com.google.gson.TypeAdapterFactory FACTORY -> a
    com.google.gson.Gson gson -> b
    50:52:void <init>(com.google.gson.Gson) -> <init>
    55:89:java.lang.Object read(com.google.gson.stream.JsonReader) -> b
    95:108:void write(com.google.gson.stream.JsonWriter,java.lang.Object) -> a
    37:37:void <init>(com.google.gson.Gson,com.google.gson.internal.bind.ObjectTypeAdapter$1) -> <init>
    38:38:void <clinit>() -> <clinit>
com.google.gson.internal.bind.ObjectTypeAdapter$1 -> com.google.a.b.a.h$1:
    38:38:void <init>() -> <init>
    41:44:com.google.gson.TypeAdapter create(com.google.gson.Gson,com.google.gson.reflect.TypeToken) -> a