app/build/outputs/mapping/release/usage.txt
com.qiandu.live.BuildConfig
com.qiandu.live.LiveApp:
    private static final java.lang.String BUGLY_APPID
com.qiandu.live.R:
    10:10:public R()
com.qiandu.live.R$anim
com.qiandu.live.R$animator
com.qiandu.live.R$attr
com.qiandu.live.R$bool
com.qiandu.live.R$color
com.qiandu.live.R$dimen
com.qiandu.live.R$drawable
com.qiandu.live.R$id
com.qiandu.live.R$integer
com.qiandu.live.R$layout
com.qiandu.live.R$mipmap
com.qiandu.live.R$string
com.qiandu.live.R$style
com.qiandu.live.R$styleable:
    5593:5593:public R$styleable()
com.qiandu.live.activity.BaseActivity:
    public android.app.ActionBar actionBar
com.qiandu.live.activity.BinderJiazuActivity:
    private java.lang.String onNuber
    160:162:public void doUploadFailed()
    166:167:public void finishActivity()
    225:227:public static void invoke(android.content.Context)
com.qiandu.live.activity.CaifuActivity:
    private int co
    private boolean no
    private static final int ALIPAY_CODE
com.qiandu.live.activity.ForgetPswdActivity:
    private java.lang.String mPassword
    private android.widget.ProgressBar progressBar
    private android.widget.TextView tvPhoneRegister
    private android.support.design.widget.TextInputLayout tilRegister
    private android.support.design.widget.TextInputLayout tilPassword
    private android.support.design.widget.TextInputLayout tilPasswordVerify
com.qiandu.live.activity.LivePlayerActivity:
    public static final int LIVE_PLAYER_REQUEST_CODE
    private com.qiandu.live.model.UserInfo mUserinfo
    private java.lang.String noNuber
    587:593:public void onNetStatus(android.os.Bundle)
    598:598:public void doLikeResult(int)
    684:686:public void onGroupDeleteResult()
    716:721:public void handleTextMsg(com.qiandu.live.model.SimpleUserInfo,java.lang.String)
    725:727:public void handlePraiseMsg(com.qiandu.live.model.SimpleUserInfo)
    731:734:public void handlePraiseFirstMsg(com.qiandu.live.model.SimpleUserInfo)
    739:739:public void onSendMsgResult(int,com.tencent.TIMMessage)
    743:764:public void handleEnterLiveMsg(com.qiandu.live.model.SimpleUserInfo)
    768:785:public void handleExitLiveMsg(com.qiandu.live.model.SimpleUserInfo)
    790:790:public void handleLiveEnd(com.qiandu.live.model.SimpleUserInfo)
    794:818:public void handleGift(com.qiandu.live.model.GiftWithUerInfo)
    855:855:public void showSenderInfoCard(com.tencent.imcore.MemberInfo)
    873:874:public void onGiftListFailed()
com.qiandu.live.activity.LivePublisherActivity:
    private android.widget.LinearLayout mAudioPluginLayout
    private android.widget.Button mBtnAudioEffect
    private android.widget.Button mBtnAudioClose
    private java.lang.String onNuber
    427:427:public void onGroupDeleteResult()
    431:432:public void handleTextMsg(com.qiandu.live.model.SimpleUserInfo,java.lang.String)
    436:438:public void handlePraiseMsg(com.qiandu.live.model.SimpleUserInfo)
    442:445:public void handlePraiseFirstMsg(com.qiandu.live.model.SimpleUserInfo)
    450:450:public void onSendMsgResult(int,com.tencent.TIMMessage)
    454:469:public void handleEnterLiveMsg(com.qiandu.live.model.SimpleUserInfo)
    473:487:public void handleExitLiveMsg(com.qiandu.live.model.SimpleUserInfo)
    492:492:public void handleLiveEnd(com.qiandu.live.model.SimpleUserInfo)
    496:503:public void handleGift(com.qiandu.live.model.GiftWithUerInfo)
    714:716:public void onNetStatus(android.os.Bundle)
com.qiandu.live.activity.LoginActivity:
    private android.widget.RelativeLayout rootRelativeLayout
    private android.widget.ProgressBar progressBar
    private android.support.design.widget.TextInputLayout tilLogin
    private android.support.design.widget.TextInputLayout tilPassword
    private android.widget.TextView btnRegister
    142:143:public void verifyCodeError(java.lang.String)
...
com.tencent.timint.ab
com.zhy.http.okhttp.BuildConfig
com.zhy.http.okhttp.OkHttpUtils:
    public static final long DEFAULT_MILLISECONDS
    77:77:public static com.zhy.http.okhttp.builder.GetBuilder get()
    82:82:public static com.zhy.http.okhttp.builder.PostStringBuilder postString()
    87:87:public static com.zhy.http.okhttp.builder.PostFileBuilder postFile()
    92:92:public static com.zhy.http.okhttp.builder.PostFormBuilder post()
    97:97:public static com.zhy.http.okhttp.builder.OtherRequestBuilder put()
    102:102:public static com.zhy.http.okhttp.builder.HeadBuilder head()
    107:107:public static com.zhy.http.okhttp.builder.OtherRequestBuilder delete()
    112:112:public static com.zhy.http.okhttp.builder.OtherRequestBuilder patch()
    194:208:public void cancelTag(java.lang.Object)
com.zhy.http.okhttp.OkHttpUtils$METHOD
com.zhy.http.okhttp.builder.GetBuilder
com.zhy.http.okhttp.builder.HasParamsable
com.zhy.http.okhttp.builder.HeadBuilder
com.zhy.http.okhttp.builder.OkHttpRequestBuilder:
    34:35:public com.zhy.http.okhttp.builder.OkHttpRequestBuilder tag(java.lang.Object)
    40:41:public com.zhy.http.okhttp.builder.OkHttpRequestBuilder headers(java.util.Map)
    46:51:public com.zhy.http.okhttp.builder.OkHttpRequestBuilder addHeader(java.lang.String,java.lang.String)
    public abstract com.zhy.http.okhttp.request.RequestCall build()
com.zhy.http.okhttp.builder.OtherRequestBuilder
com.zhy.http.okhttp.builder.PostFileBuilder
com.zhy.http.okhttp.builder.PostFormBuilder:
    27:31:public com.zhy.http.okhttp.builder.PostFormBuilder files(java.lang.String,java.util.Map)
    69:70:public com.zhy.http.okhttp.builder.PostFormBuilder params(java.util.Map)
    15:15:public bridge synthetic com.zhy.http.okhttp.builder.OkHttpRequestBuilder addParams(java.lang.String,java.lang.String)
    15:15:public bridge synthetic com.zhy.http.okhttp.builder.OkHttpRequestBuilder params(java.util.Map)
com.zhy.http.okhttp.builder.PostStringBuilder
com.zhy.http.okhttp.callback.BitmapCallback
com.zhy.http.okhttp.callback.FileCallBack
com.zhy.http.okhttp.callback.FileCallBack$1
com.zhy.http.okhttp.callback.StringCallback
com.zhy.http.okhttp.cookie.CookieJarImpl:
    39:39:public com.zhy.http.okhttp.cookie.store.CookieStore getCookieStore()
com.zhy.http.okhttp.cookie.store.CookieStore:
    public abstract java.util.List getCookies()
    public abstract boolean remove(okhttp3.HttpUrl,okhttp3.Cookie)
    public abstract boolean removeAll()
com.zhy.http.okhttp.cookie.store.MemoryCookieStore
com.zhy.http.okhttp.cookie.store.PersistentCookieStore:
    private static final java.lang.String LOG_TAG
    private static final java.lang.String COOKIE_PREFS
    private static final java.lang.String COOKIE_NAME_PREFIX
    162:166:public boolean removeAll()
    197:201:public java.util.List getCookies()
com.zhy.http.okhttp.cookie.store.SerializableHttpCookie:
    private static final long serialVersionUID
    41:50:private void writeObject(java.io.ObjectOutputStream)
    54:73:private void readObject(java.io.ObjectInputStream)
com.zhy.http.okhttp.https.HttpsUtils
com.zhy.http.okhttp.https.HttpsUtils$1
com.zhy.http.okhttp.https.HttpsUtils$MyTrustManager
com.zhy.http.okhttp.https.HttpsUtils$SSLParams
com.zhy.http.okhttp.https.HttpsUtils$UnSafeHostnameVerifier
com.zhy.http.okhttp.https.HttpsUtils$UnSafeTrustManager
com.zhy.http.okhttp.log.LoggerInterceptor
com.zhy.http.okhttp.request.GetRequest
com.zhy.http.okhttp.request.OtherRequest
com.zhy.http.okhttp.request.PostFileRequest
com.zhy.http.okhttp.request.PostFileRequest$1
com.zhy.http.okhttp.request.PostFileRequest$1$1
com.zhy.http.okhttp.request.PostStringRequest